<?xml version="1.0" encoding="UTF-8"?>
<!-- Generated by org.testng.reporters.JUnitReportReporter -->
<testsuite hostname="Ravi-PC" name="selenium.maven.TestFacebook" tests="1" failures="0" timestamp="27 Oct 2016 18:53:19 GMT" time="5.685" errors="0">
  <testcase name="TestFacebookFireFox" time="5.685" classname="selenium.maven.TestFacebook"/>
</testsuite> <!-- selenium.maven.TestFacebook -->
