<?xml version="1.0" encoding="UTF-8"?>
<!-- Generated by org.testng.reporters.JUnitReportReporter -->
<testsuite hostname="Ravi-PC" name="selenium.maven.TestFacebook" tests="1" failures="0" timestamp="4 Nov 2016 16:48:11 GMT" time="6.315" errors="0">
  <testcase name="TestFacebookFireFox" time="6.315" classname="selenium.maven.TestFacebook"/>
</testsuite> <!-- selenium.maven.TestFacebook -->
