<?xml version="1.0" encoding="UTF-8"?>
<!-- Generated by org.testng.reporters.JUnitReportReporter -->
<testsuite hostname="Ravi-PC" name="selenium.maven.TestFacebook" tests="1" failures="0" timestamp="8 Nov 2016 17:49:31 GMT" time="9.281" errors="0">
  <testcase name="TestFacebookFireFox" time="9.281" classname="selenium.maven.TestFacebook"/>
</testsuite> <!-- selenium.maven.TestFacebook -->
