<?xml version="1.0" encoding="UTF-8"?>
<!-- Generated by org.testng.reporters.JUnitReportReporter -->
<testsuite hostname="Ravi-PC" name="selenium.maven.TestFacebook" tests="1" failures="0" timestamp="4 Nov 2016 21:28:28 GMT" time="5.117" errors="0">
  <testcase name="TestFacebookFireFox" time="5.117" classname="selenium.maven.TestFacebook"/>
</testsuite> <!-- selenium.maven.TestFacebook -->
